<?xml version="1.0" encoding="UTF-8"?>
<coverage generated="1650308204927" clover="3.2.0">
  <project timestamp="1650308204927" name="All files">
    <metrics statements="58" coveredstatements="54" conditionals="12" coveredconditionals="10" methods="3" coveredmethods="3" elements="73" coveredelements="67" complexity="0" loc="58" ncloc="58" packages="1" files="1" classes="1"/>
    <file name="index.js" path="/home/bobby/frontend-project-lvl2/src/index.js">
      <metrics statements="58" coveredstatements="54" conditionals="12" coveredconditionals="10" methods="3" coveredmethods="3"/>
      <line num="1" count="1" type="stmt"/>
      <line num="2" count="1" type="stmt"/>
      <line num="3" count="1" type="stmt"/>
      <line num="4" count="1" type="stmt"/>
      <line num="5" count="1" type="stmt"/>
      <line num="6" count="1" type="stmt"/>
      <line num="7" count="1" type="stmt"/>
      <line num="8" count="1" type="cond" truecount="1" falsecount="0"/>
      <line num="9" count="6" type="stmt"/>
      <line num="10" count="6" type="stmt"/>
      <line num="11" count="6" type="stmt"/>
      <line num="12" count="6" type="cond" truecount="0" falsecount="1"/>
      <line num="13" count="0" type="stmt"/>
      <line num="14" count="0" type="stmt"/>
      <line num="15" count="6" type="stmt"/>
      <line num="16" count="6" type="stmt"/>
      <line num="17" count="6" type="cond" truecount="0" falsecount="1"/>
      <line num="18" count="0" type="stmt"/>
      <line num="19" count="0" type="stmt"/>
      <line num="20" count="6" type="stmt"/>
      <line num="21" count="6" type="stmt"/>
      <line num="22" count="6" type="stmt"/>
      <line num="23" count="1" type="stmt"/>
      <line num="24" count="1" type="cond" truecount="1" falsecount="0"/>
      <line num="25" count="3" type="stmt"/>
      <line num="26" count="3" type="stmt"/>
      <line num="27" count="3" type="stmt"/>
      <line num="28" count="3" type="stmt"/>
      <line num="29" count="3" type="stmt"/>
      <line num="30" count="3" type="stmt"/>
      <line num="31" count="3" type="stmt"/>
      <line num="32" count="3" type="cond" truecount="1" falsecount="0"/>
      <line num="33" count="14" type="stmt"/>
      <line num="34" count="14" type="stmt"/>
      <line num="35" count="3" type="stmt"/>
      <line num="36" count="3" type="cond" truecount="1" falsecount="0"/>
      <line num="37" count="13" type="stmt"/>
      <line num="38" count="13" type="stmt"/>
      <line num="39" count="13" type="stmt"/>
      <line num="40" count="13" type="stmt"/>
      <line num="41" count="13" type="stmt"/>
      <line num="42" count="13" type="cond" truecount="3" falsecount="0"/>
      <line num="43" count="5" type="stmt"/>
      <line num="44" count="5" type="stmt"/>
      <line num="45" count="5" type="stmt"/>
      <line num="46" count="13" type="cond" truecount="2" falsecount="0"/>
      <line num="47" count="7" type="stmt"/>
      <line num="48" count="7" type="stmt"/>
      <line num="49" count="13" type="cond" truecount="1" falsecount="0"/>
      <line num="50" count="2" type="stmt"/>
      <line num="51" count="2" type="stmt"/>
      <line num="52" count="13" type="stmt"/>
      <line num="53" count="3" type="stmt"/>
      <line num="54" count="3" type="stmt"/>
      <line num="55" count="3" type="stmt"/>
      <line num="56" count="3" type="stmt"/>
      <line num="57" count="1" type="stmt"/>
      <line num="58" count="1" type="stmt"/>
    </file>
  </project>
</coverage>
