<?xml version="1.0" encoding="UTF-8"?>
<coverage generated="1650314816040" clover="3.2.0">
  <project timestamp="1650314816040" name="All files">
    <metrics statements="98" coveredstatements="85" conditionals="22" coveredconditionals="17" methods="8" coveredmethods="7" elements="128" coveredelements="109" complexity="0" loc="98" ncloc="98" packages="1" files="2" classes="2"/>
    <file name="index.js" path="/home/bobby/frontend-project-lvl2/src/index.js">
      <metrics statements="80" coveredstatements="74" conditionals="19" coveredconditionals="15" methods="5" coveredmethods="5"/>
      <line num="1" count="1" type="stmt"/>
      <line num="2" count="1" type="stmt"/>
      <line num="3" count="1" type="stmt"/>
      <line num="4" count="1" type="stmt"/>
      <line num="5" count="1" type="stmt"/>
      <line num="6" count="1" type="stmt"/>
      <line num="7" count="1" type="cond" truecount="2" falsecount="0"/>
      <line num="8" count="1" type="cond" truecount="1" falsecount="0"/>
      <line num="9" count="2" type="stmt"/>
      <line num="10" count="2" type="stmt"/>
      <line num="11" count="2" type="stmt"/>
      <line num="12" count="2" type="stmt"/>
      <line num="13" count="2" type="stmt"/>
      <line num="14" count="2" type="stmt"/>
      <line num="15" count="2" type="cond" truecount="0" falsecount="1"/>
      <line num="16" count="2" type="cond" truecount="0" falsecount="1"/>
      <line num="17" count="0" type="stmt"/>
      <line num="18" count="0" type="stmt"/>
      <line num="19" count="2" type="stmt"/>
      <line num="20" count="1" type="stmt"/>
      <line num="21" count="1" type="stmt"/>
      <line num="22" count="1" type="cond" truecount="1" falsecount="0"/>
      <line num="23" count="38" type="stmt"/>
      <line num="24" count="38" type="stmt"/>
      <line num="25" count="1" type="stmt"/>
      <line num="26" count="1" type="cond" truecount="1" falsecount="0"/>
      <line num="27" count="16" type="stmt"/>
      <line num="28" count="16" type="stmt"/>
      <line num="29" count="16" type="stmt"/>
      <line num="30" count="16" type="stmt"/>
      <line num="31" count="16" type="cond" truecount="1" falsecount="0"/>
      <line num="32" count="36" type="stmt"/>
      <line num="33" count="36" type="stmt"/>
      <line num="34" count="36" type="stmt"/>
      <line num="35" count="36" type="stmt"/>
      <line num="36" count="36" type="stmt"/>
      <line num="37" count="36" type="cond" truecount="3" falsecount="0"/>
      <line num="38" count="32" type="cond" truecount="1" falsecount="0"/>
      <line num="39" count="9" type="stmt"/>
      <line num="40" count="9" type="stmt"/>
      <line num="41" count="9" type="stmt"/>
      <line num="42" count="32" type="cond" truecount="1" falsecount="0"/>
      <line num="43" count="23" type="stmt"/>
      <line num="44" count="23" type="stmt"/>
      <line num="45" count="32" type="stmt"/>
      <line num="46" count="32" type="stmt"/>
      <line num="47" count="36" type="cond" truecount="1" falsecount="0"/>
      <line num="48" count="3" type="stmt"/>
      <line num="49" count="3" type="stmt"/>
      <line num="50" count="3" type="stmt"/>
      <line num="51" count="3" type="stmt"/>
      <line num="52" count="3" type="cond" truecount="0" falsecount="1"/>
      <line num="53" count="0" type="stmt"/>
      <line num="54" count="0" type="stmt"/>
      <line num="55" count="3" type="stmt"/>
      <line num="56" count="36" type="cond" truecount="2" falsecount="0"/>
      <line num="57" count="3" type="stmt"/>
      <line num="58" count="3" type="stmt"/>
      <line num="59" count="3" type="stmt"/>
      <line num="60" count="3" type="stmt"/>
      <line num="61" count="3" type="cond" truecount="0" falsecount="1"/>
      <line num="62" count="0" type="stmt"/>
      <line num="63" count="0" type="stmt"/>
      <line num="64" count="3" type="stmt"/>
      <line num="65" count="36" type="stmt"/>
      <line num="66" count="16" type="stmt"/>
      <line num="67" count="1" type="stmt"/>
      <line num="68" count="1" type="cond" truecount="1" falsecount="0"/>
      <line num="69" count="1" type="stmt"/>
      <line num="70" count="1" type="stmt"/>
      <line num="71" count="1" type="stmt"/>
      <line num="72" count="1" type="stmt"/>
      <line num="73" count="1" type="stmt"/>
      <line num="74" count="1" type="stmt"/>
      <line num="75" count="1" type="stmt"/>
      <line num="76" count="1" type="stmt"/>
      <line num="77" count="1" type="stmt"/>
      <line num="78" count="1" type="stmt"/>
      <line num="79" count="1" type="stmt"/>
      <line num="80" count="1" type="stmt"/>
    </file>
    <file name="parsers.js" path="/home/bobby/frontend-project-lvl2/src/parsers.js">
      <metrics statements="18" coveredstatements="11" conditionals="3" coveredconditionals="2" methods="3" coveredmethods="2"/>
      <line num="1" count="1" type="stmt"/>
      <line num="2" count="1" type="stmt"/>
      <line num="3" count="1" type="cond" truecount="1" falsecount="0"/>
      <line num="4" count="1" type="stmt"/>
      <line num="5" count="1" type="stmt"/>
      <line num="6" count="1" type="cond" truecount="1" falsecount="0"/>
      <line num="7" count="2" type="stmt"/>
      <line num="8" count="2" type="stmt"/>
      <line num="9" count="2" type="stmt"/>
      <line num="10" count="0" type="cond" truecount="0" falsecount="1"/>
      <line num="11" count="0" type="stmt"/>
      <line num="12" count="0" type="stmt"/>
      <line num="13" count="0" type="stmt"/>
      <line num="14" count="0" type="stmt"/>
      <line num="15" count="0" type="stmt"/>
      <line num="16" count="0" type="stmt"/>
      <line num="17" count="1" type="stmt"/>
      <line num="18" count="1" type="stmt"/>
    </file>
  </project>
</coverage>
