{"/home/bobby/frontend-project-lvl2/src/index.js": {"path":"/home/bobby/frontend-project-lvl2/src/index.js","all":false,"statementMap":{"0":{"start":{"line":1,"column":0},"end":{"line":1,"column":30}},"1":{"start":{"line":2,"column":0},"end":{"line":2,"column":31}},"2":{"start":{"line":3,"column":0},"end":{"line":3,"column":34}},"3":{"start":{"line":4,"column":0},"end":{"line":4,"column":23}},"4":{"start":{"line":5,"column":0},"end":{"line":5,"column":33}},"5":{"start":{"line":6,"column":0},"end":{"line":6,"column":0}},"6":{"start":{"line":7,"column":0},"end":{"line":7,"column":67}},"7":{"start":{"line":8,"column":0},"end":{"line":8,"column":30}},"8":{"start":{"line":9,"column":0},"end":{"line":9,"column":28}},"9":{"start":{"line":10,"column":0},"end":{"line":10,"column":46}},"10":{"start":{"line":11,"column":0},"end":{"line":11,"column":0}},"11":{"start":{"line":12,"column":0},"end":{"line":12,"column":7}},"12":{"start":{"line":13,"column":0},"end":{"line":13,"column":42}},"13":{"start":{"line":14,"column":0},"end":{"line":14,"column":0}},"14":{"start":{"line":15,"column":0},"end":{"line":15,"column":41}},"15":{"start":{"line":16,"column":0},"end":{"line":16,"column":19}},"16":{"start":{"line":17,"column":0},"end":{"line":17,"column":52}},"17":{"start":{"line":18,"column":0},"end":{"line":18,"column":3}},"18":{"start":{"line":19,"column":0},"end":{"line":19,"column":2}},"19":{"start":{"line":20,"column":0},"end":{"line":20,"column":0}},"20":{"start":{"line":21,"column":0},"end":{"line":21,"column":19}},"21":{"start":{"line":22,"column":0},"end":{"line":22,"column":47}},"22":{"start":{"line":23,"column":0},"end":{"line":23,"column":83}},"23":{"start":{"line":24,"column":0},"end":{"line":24,"column":2}},"24":{"start":{"line":25,"column":0},"end":{"line":25,"column":0}},"25":{"start":{"line":26,"column":0},"end":{"line":26,"column":40}},"26":{"start":{"line":27,"column":0},"end":{"line":27,"column":68}},"27":{"start":{"line":28,"column":0},"end":{"line":28,"column":36}},"28":{"start":{"line":29,"column":0},"end":{"line":29,"column":0}},"29":{"start":{"line":30,"column":0},"end":{"line":30,"column":47}},"30":{"start":{"line":31,"column":0},"end":{"line":31,"column":31}},"31":{"start":{"line":32,"column":0},"end":{"line":32,"column":71}},"32":{"start":{"line":33,"column":0},"end":{"line":33,"column":71}},"33":{"start":{"line":34,"column":0},"end":{"line":34,"column":29}},"34":{"start":{"line":35,"column":0},"end":{"line":35,"column":29}},"35":{"start":{"line":36,"column":0},"end":{"line":36,"column":0}},"36":{"start":{"line":37,"column":0},"end":{"line":37,"column":64}},"37":{"start":{"line":38,"column":0},"end":{"line":38,"column":29}},"38":{"start":{"line":39,"column":0},"end":{"line":39,"column":37}},"39":{"start":{"line":40,"column":0},"end":{"line":40,"column":43}},"40":{"start":{"line":41,"column":0},"end":{"line":41,"column":62}},"41":{"start":{"line":42,"column":0},"end":{"line":42,"column":14}},"42":{"start":{"line":43,"column":0},"end":{"line":43,"column":40}},"43":{"start":{"line":44,"column":0},"end":{"line":44,"column":7}},"44":{"start":{"line":45,"column":0},"end":{"line":45,"column":13}},"45":{"start":{"line":46,"column":0},"end":{"line":46,"column":5}},"46":{"start":{"line":47,"column":0},"end":{"line":47,"column":21}},"47":{"start":{"line":48,"column":0},"end":{"line":48,"column":29}},"48":{"start":{"line":49,"column":0},"end":{"line":49,"column":37}},"49":{"start":{"line":50,"column":0},"end":{"line":50,"column":43}},"50":{"start":{"line":51,"column":0},"end":{"line":51,"column":62}},"51":{"start":{"line":52,"column":0},"end":{"line":52,"column":14}},"52":{"start":{"line":53,"column":0},"end":{"line":53,"column":40}},"53":{"start":{"line":54,"column":0},"end":{"line":54,"column":7}},"54":{"start":{"line":55,"column":0},"end":{"line":55,"column":5}},"55":{"start":{"line":56,"column":0},"end":{"line":56,"column":21}},"56":{"start":{"line":57,"column":0},"end":{"line":57,"column":29}},"57":{"start":{"line":58,"column":0},"end":{"line":58,"column":37}},"58":{"start":{"line":59,"column":0},"end":{"line":59,"column":43}},"59":{"start":{"line":60,"column":0},"end":{"line":60,"column":62}},"60":{"start":{"line":61,"column":0},"end":{"line":61,"column":14}},"61":{"start":{"line":62,"column":0},"end":{"line":62,"column":40}},"62":{"start":{"line":63,"column":0},"end":{"line":63,"column":7}},"63":{"start":{"line":64,"column":0},"end":{"line":64,"column":5}},"64":{"start":{"line":65,"column":0},"end":{"line":65,"column":5}},"65":{"start":{"line":66,"column":0},"end":{"line":66,"column":2}},"66":{"start":{"line":67,"column":0},"end":{"line":67,"column":0}},"67":{"start":{"line":68,"column":0},"end":{"line":68,"column":43}},"68":{"start":{"line":69,"column":0},"end":{"line":69,"column":33}},"69":{"start":{"line":70,"column":0},"end":{"line":70,"column":33}},"70":{"start":{"line":71,"column":0},"end":{"line":71,"column":0}},"71":{"start":{"line":72,"column":0},"end":{"line":72,"column":32}},"72":{"start":{"line":73,"column":0},"end":{"line":73,"column":25}},"73":{"start":{"line":74,"column":0},"end":{"line":74,"column":30}},"74":{"start":{"line":75,"column":0},"end":{"line":75,"column":0}},"75":{"start":{"line":76,"column":0},"end":{"line":76,"column":25}},"76":{"start":{"line":77,"column":0},"end":{"line":77,"column":19}},"77":{"start":{"line":78,"column":0},"end":{"line":78,"column":2}},"78":{"start":{"line":79,"column":0},"end":{"line":79,"column":0}},"79":{"start":{"line":80,"column":0},"end":{"line":80,"column":23}}},"s":{"0":1,"1":1,"2":1,"3":1,"4":1,"5":1,"6":1,"7":1,"8":2,"9":2,"10":2,"11":2,"12":2,"13":2,"14":2,"15":2,"16":0,"17":0,"18":2,"19":1,"20":1,"21":1,"22":38,"23":38,"24":1,"25":1,"26":16,"27":16,"28":16,"29":16,"30":16,"31":36,"32":36,"33":36,"34":36,"35":36,"36":36,"37":32,"38":9,"39":9,"40":9,"41":32,"42":23,"43":23,"44":32,"45":32,"46":36,"47":3,"48":3,"49":3,"50":3,"51":3,"52":0,"53":0,"54":3,"55":36,"56":3,"57":3,"58":3,"59":3,"60":3,"61":0,"62":0,"63":3,"64":36,"65":16,"66":1,"67":1,"68":1,"69":1,"70":1,"71":1,"72":1,"73":1,"74":1,"75":1,"76":1,"77":1,"78":1,"79":1},"branchMap":{"0":{"type":"branch","line":7,"loc":{"start":{"line":7,"column":18},"end":{"line":7,"column":51}},"locations":[{"start":{"line":7,"column":18},"end":{"line":7,"column":51}}]},"1":{"type":"branch","line":7,"loc":{"start":{"line":7,"column":28},"end":{"line":7,"column":51}},"locations":[{"start":{"line":7,"column":28},"end":{"line":7,"column":51}}]},"2":{"type":"branch","line":8,"loc":{"start":{"line":8,"column":16},"end":{"line":19,"column":2}},"locations":[{"start":{"line":8,"column":16},"end":{"line":19,"column":2}}]},"3":{"type":"branch","line":15,"loc":{"start":{"line":15,"column":11},"end":{"line":15,"column":41}},"locations":[{"start":{"line":15,"column":11},"end":{"line":15,"column":41}}]},"4":{"type":"branch","line":16,"loc":{"start":{"line":16,"column":4},"end":{"line":18,"column":3}},"locations":[{"start":{"line":16,"column":4},"end":{"line":18,"column":3}}]},"5":{"type":"branch","line":22,"loc":{"start":{"line":22,"column":15},"end":{"line":24,"column":2}},"locations":[{"start":{"line":22,"column":15},"end":{"line":24,"column":2}}]},"6":{"type":"branch","line":26,"loc":{"start":{"line":26,"column":16},"end":{"line":66,"column":2}},"locations":[{"start":{"line":26,"column":16},"end":{"line":66,"column":2}}]},"7":{"type":"branch","line":31,"loc":{"start":{"line":31,"column":22},"end":{"line":65,"column":5}},"locations":[{"start":{"line":31,"column":22},"end":{"line":65,"column":5}}]},"8":{"type":"branch","line":37,"loc":{"start":{"line":37,"column":18},"end":{"line":37,"column":36}},"locations":[{"start":{"line":37,"column":18},"end":{"line":37,"column":36}}]},"9":{"type":"branch","line":37,"loc":{"start":{"line":37,"column":8},"end":{"line":37,"column":37}},"locations":[{"start":{"line":37,"column":8},"end":{"line":37,"column":37}}]},"10":{"type":"branch","line":37,"loc":{"start":{"line":37,"column":63},"end":{"line":46,"column":5}},"locations":[{"start":{"line":37,"column":63},"end":{"line":46,"column":5}}]},"11":{"type":"branch","line":38,"loc":{"start":{"line":38,"column":28},"end":{"line":42,"column":13}},"locations":[{"start":{"line":38,"column":28},"end":{"line":42,"column":13}}]},"12":{"type":"branch","line":42,"loc":{"start":{"line":42,"column":7},"end":{"line":44,"column":7}},"locations":[{"start":{"line":42,"column":7},"end":{"line":44,"column":7}}]},"13":{"type":"branch","line":47,"loc":{"start":{"line":47,"column":20},"end":{"line":55,"column":5}},"locations":[{"start":{"line":47,"column":20},"end":{"line":55,"column":5}}]},"14":{"type":"branch","line":52,"loc":{"start":{"line":52,"column":7},"end":{"line":54,"column":7}},"locations":[{"start":{"line":52,"column":7},"end":{"line":54,"column":7}}]},"15":{"type":"branch","line":56,"loc":{"start":{"line":56,"column":-1},"end":{"line":56,"column":8}},"locations":[{"start":{"line":56,"column":-1},"end":{"line":56,"column":8}}]},"16":{"type":"branch","line":56,"loc":{"start":{"line":56,"column":20},"end":{"line":64,"column":5}},"locations":[{"start":{"line":56,"column":20},"end":{"line":64,"column":5}}]},"17":{"type":"branch","line":61,"loc":{"start":{"line":61,"column":7},"end":{"line":63,"column":7}},"locations":[{"start":{"line":61,"column":7},"end":{"line":63,"column":7}}]},"18":{"type":"branch","line":68,"loc":{"start":{"line":68,"column":16},"end":{"line":78,"column":2}},"locations":[{"start":{"line":68,"column":16},"end":{"line":78,"column":2}}]}},"b":{"0":[38],"1":[15],"2":[2],"3":[0],"4":[0],"5":[38],"6":[16],"7":[36],"8":[35],"9":[34],"10":[32],"11":[9],"12":[23],"13":[3],"14":[0],"15":[4],"16":[3],"17":[0],"18":[1]},"fnMap":{"0":{"name":"isObject","decl":{"start":{"line":7,"column":18},"end":{"line":7,"column":51}},"loc":{"start":{"line":7,"column":18},"end":{"line":7,"column":51}},"line":7},"1":{"name":"getObj","decl":{"start":{"line":8,"column":16},"end":{"line":19,"column":2}},"loc":{"start":{"line":8,"column":16},"end":{"line":19,"column":2}},"line":8},"2":{"name":"addStr","decl":{"start":{"line":22,"column":15},"end":{"line":24,"column":2}},"loc":{"start":{"line":22,"column":15},"end":{"line":24,"column":2}},"line":22},"3":{"name":"stylish","decl":{"start":{"line":26,"column":16},"end":{"line":66,"column":2}},"loc":{"start":{"line":26,"column":16},"end":{"line":66,"column":2}},"line":26},"4":{"name":"genDiff","decl":{"start":{"line":68,"column":16},"end":{"line":78,"column":2}},"loc":{"start":{"line":68,"column":16},"end":{"line":78,"column":2}},"line":68}},"f":{"0":38,"1":2,"2":38,"3":16,"4":1}}
,"/home/bobby/frontend-project-lvl2/src/parsers.js": {"path":"/home/bobby/frontend-project-lvl2/src/parsers.js","all":false,"statementMap":{"0":{"start":{"line":1,"column":0},"end":{"line":1,"column":27}},"1":{"start":{"line":2,"column":0},"end":{"line":2,"column":0}},"2":{"start":{"line":3,"column":0},"end":{"line":3,"column":48}},"3":{"start":{"line":4,"column":0},"end":{"line":4,"column":73}},"4":{"start":{"line":5,"column":0},"end":{"line":5,"column":0}},"5":{"start":{"line":6,"column":0},"end":{"line":6,"column":31}},"6":{"start":{"line":7,"column":0},"end":{"line":7,"column":21}},"7":{"start":{"line":8,"column":0},"end":{"line":8,"column":28}},"8":{"start":{"line":9,"column":0},"end":{"line":9,"column":3}},"9":{"start":{"line":10,"column":0},"end":{"line":10,"column":0}},"10":{"start":{"line":11,"column":0},"end":{"line":11,"column":21}},"11":{"start":{"line":12,"column":0},"end":{"line":12,"column":27}},"12":{"start":{"line":13,"column":0},"end":{"line":13,"column":3}},"13":{"start":{"line":14,"column":0},"end":{"line":14,"column":0}},"14":{"start":{"line":15,"column":0},"end":{"line":15,"column":50}},"15":{"start":{"line":16,"column":0},"end":{"line":16,"column":2}},"16":{"start":{"line":17,"column":0},"end":{"line":17,"column":0}},"17":{"start":{"line":18,"column":0},"end":{"line":18,"column":21}}},"s":{"0":1,"1":1,"2":1,"3":1,"4":1,"5":1,"6":2,"7":2,"8":2,"9":0,"10":0,"11":0,"12":0,"13":0,"14":0,"15":0,"16":1,"17":1},"branchMap":{"0":{"type":"branch","line":3,"loc":{"start":{"line":3,"column":16},"end":{"line":3,"column":29}},"locations":[{"start":{"line":3,"column":16},"end":{"line":3,"column":29}}]},"1":{"type":"branch","line":6,"loc":{"start":{"line":6,"column":14},"end":{"line":16,"column":2}},"locations":[{"start":{"line":6,"column":14},"end":{"line":16,"column":2}}]},"2":{"type":"branch","line":10,"loc":{"start":{"line":10,"column":-1},"end":{"line":16,"column":2}},"locations":[{"start":{"line":10,"column":-1},"end":{"line":16,"column":2}}]}},"b":{"0":[2],"1":[2],"2":[0]},"fnMap":{"0":{"name":"isJSON","decl":{"start":{"line":3,"column":16},"end":{"line":3,"column":29}},"loc":{"start":{"line":3,"column":16},"end":{"line":3,"column":29}},"line":3},"1":{"name":"isYAML","decl":{"start":{"line":4,"column":16},"end":{"line":4,"column":55}},"loc":{"start":{"line":4,"column":16},"end":{"line":4,"column":55}},"line":4},"2":{"name":"parse","decl":{"start":{"line":6,"column":14},"end":{"line":16,"column":2}},"loc":{"start":{"line":6,"column":14},"end":{"line":16,"column":2}},"line":6}},"f":{"0":2,"1":0,"2":2}}
}
