{"/home/bobby/frontend-project-lvl2/src/index.js": {"path":"/home/bobby/frontend-project-lvl2/src/index.js","all":false,"statementMap":{"0":{"start":{"line":1,"column":0},"end":{"line":1,"column":30}},"1":{"start":{"line":2,"column":0},"end":{"line":2,"column":31}},"2":{"start":{"line":3,"column":0},"end":{"line":3,"column":34}},"3":{"start":{"line":4,"column":0},"end":{"line":4,"column":23}},"4":{"start":{"line":5,"column":0},"end":{"line":5,"column":0}},"5":{"start":{"line":6,"column":0},"end":{"line":6,"column":26}},"6":{"start":{"line":7,"column":0},"end":{"line":7,"column":0}},"7":{"start":{"line":8,"column":0},"end":{"line":8,"column":30}},"8":{"start":{"line":9,"column":0},"end":{"line":9,"column":28}},"9":{"start":{"line":10,"column":0},"end":{"line":10,"column":46}},"10":{"start":{"line":11,"column":0},"end":{"line":11,"column":42}},"11":{"start":{"line":12,"column":0},"end":{"line":12,"column":16}},"12":{"start":{"line":13,"column":0},"end":{"line":13,"column":66}},"13":{"start":{"line":14,"column":0},"end":{"line":14,"column":3}},"14":{"start":{"line":15,"column":0},"end":{"line":15,"column":0}},"15":{"start":{"line":16,"column":0},"end":{"line":16,"column":40}},"16":{"start":{"line":17,"column":0},"end":{"line":17,"column":20}},"17":{"start":{"line":18,"column":0},"end":{"line":18,"column":52}},"18":{"start":{"line":19,"column":0},"end":{"line":19,"column":3}},"19":{"start":{"line":20,"column":0},"end":{"line":20,"column":0}},"20":{"start":{"line":21,"column":0},"end":{"line":21,"column":32}},"21":{"start":{"line":22,"column":0},"end":{"line":22,"column":2}},"22":{"start":{"line":23,"column":0},"end":{"line":23,"column":0}},"23":{"start":{"line":24,"column":0},"end":{"line":24,"column":43}},"24":{"start":{"line":25,"column":0},"end":{"line":25,"column":33}},"25":{"start":{"line":26,"column":0},"end":{"line":26,"column":33}},"26":{"start":{"line":27,"column":0},"end":{"line":27,"column":0}},"27":{"start":{"line":28,"column":0},"end":{"line":28,"column":68}},"28":{"start":{"line":29,"column":0},"end":{"line":29,"column":36}},"29":{"start":{"line":30,"column":0},"end":{"line":30,"column":0}},"30":{"start":{"line":31,"column":0},"end":{"line":31,"column":24}},"31":{"start":{"line":32,"column":0},"end":{"line":32,"column":42}},"32":{"start":{"line":33,"column":0},"end":{"line":33,"column":61}},"33":{"start":{"line":34,"column":0},"end":{"line":34,"column":4}},"34":{"start":{"line":35,"column":0},"end":{"line":35,"column":0}},"35":{"start":{"line":36,"column":0},"end":{"line":36,"column":31}},"36":{"start":{"line":37,"column":0},"end":{"line":37,"column":71}},"37":{"start":{"line":38,"column":0},"end":{"line":38,"column":71}},"38":{"start":{"line":39,"column":0},"end":{"line":39,"column":29}},"39":{"start":{"line":40,"column":0},"end":{"line":40,"column":29}},"40":{"start":{"line":41,"column":0},"end":{"line":41,"column":0}},"41":{"start":{"line":42,"column":0},"end":{"line":42,"column":56}},"42":{"start":{"line":43,"column":0},"end":{"line":43,"column":31}},"43":{"start":{"line":44,"column":0},"end":{"line":44,"column":13}},"44":{"start":{"line":45,"column":0},"end":{"line":45,"column":5}},"45":{"start":{"line":46,"column":0},"end":{"line":46,"column":21}},"46":{"start":{"line":47,"column":0},"end":{"line":47,"column":31}},"47":{"start":{"line":48,"column":0},"end":{"line":48,"column":5}},"48":{"start":{"line":49,"column":0},"end":{"line":49,"column":21}},"49":{"start":{"line":50,"column":0},"end":{"line":50,"column":31}},"50":{"start":{"line":51,"column":0},"end":{"line":51,"column":5}},"51":{"start":{"line":52,"column":0},"end":{"line":52,"column":5}},"52":{"start":{"line":53,"column":0},"end":{"line":53,"column":30}},"53":{"start":{"line":54,"column":0},"end":{"line":54,"column":0}},"54":{"start":{"line":55,"column":0},"end":{"line":55,"column":19}},"55":{"start":{"line":56,"column":0},"end":{"line":56,"column":2}},"56":{"start":{"line":57,"column":0},"end":{"line":57,"column":0}},"57":{"start":{"line":58,"column":0},"end":{"line":58,"column":23}}},"s":{"0":1,"1":1,"2":1,"3":1,"4":1,"5":1,"6":1,"7":1,"8":6,"9":6,"10":6,"11":6,"12":0,"13":0,"14":6,"15":6,"16":6,"17":0,"18":0,"19":6,"20":6,"21":6,"22":1,"23":1,"24":3,"25":3,"26":3,"27":3,"28":3,"29":3,"30":3,"31":3,"32":14,"33":14,"34":3,"35":3,"36":13,"37":13,"38":13,"39":13,"40":13,"41":13,"42":5,"43":5,"44":5,"45":13,"46":7,"47":7,"48":13,"49":2,"50":2,"51":13,"52":3,"53":3,"54":3,"55":3,"56":1,"57":1},"branchMap":{"0":{"type":"branch","line":8,"loc":{"start":{"line":8,"column":16},"end":{"line":22,"column":2}},"locations":[{"start":{"line":8,"column":16},"end":{"line":22,"column":2}}]},"1":{"type":"branch","line":12,"loc":{"start":{"line":12,"column":15},"end":{"line":14,"column":3}},"locations":[{"start":{"line":12,"column":15},"end":{"line":14,"column":3}}]},"2":{"type":"branch","line":17,"loc":{"start":{"line":17,"column":19},"end":{"line":19,"column":3}},"locations":[{"start":{"line":17,"column":19},"end":{"line":19,"column":3}}]},"3":{"type":"branch","line":24,"loc":{"start":{"line":24,"column":16},"end":{"line":56,"column":2}},"locations":[{"start":{"line":24,"column":16},"end":{"line":56,"column":2}}]},"4":{"type":"branch","line":32,"loc":{"start":{"line":32,"column":17},"end":{"line":34,"column":4}},"locations":[{"start":{"line":32,"column":17},"end":{"line":34,"column":4}}]},"5":{"type":"branch","line":36,"loc":{"start":{"line":36,"column":22},"end":{"line":52,"column":5}},"locations":[{"start":{"line":36,"column":22},"end":{"line":52,"column":5}}]},"6":{"type":"branch","line":42,"loc":{"start":{"line":42,"column":18},"end":{"line":42,"column":36}},"locations":[{"start":{"line":42,"column":18},"end":{"line":42,"column":36}}]},"7":{"type":"branch","line":42,"loc":{"start":{"line":42,"column":8},"end":{"line":42,"column":55}},"locations":[{"start":{"line":42,"column":8},"end":{"line":42,"column":55}}]},"8":{"type":"branch","line":42,"loc":{"start":{"line":42,"column":55},"end":{"line":45,"column":5}},"locations":[{"start":{"line":42,"column":55},"end":{"line":45,"column":5}}]},"9":{"type":"branch","line":46,"loc":{"start":{"line":46,"column":-1},"end":{"line":46,"column":8}},"locations":[{"start":{"line":46,"column":-1},"end":{"line":46,"column":8}}]},"10":{"type":"branch","line":46,"loc":{"start":{"line":46,"column":20},"end":{"line":48,"column":5}},"locations":[{"start":{"line":46,"column":20},"end":{"line":48,"column":5}}]},"11":{"type":"branch","line":49,"loc":{"start":{"line":49,"column":20},"end":{"line":51,"column":5}},"locations":[{"start":{"line":49,"column":20},"end":{"line":51,"column":5}}]}},"b":{"0":[6],"1":[0],"2":[0],"3":[3],"4":[14],"5":[13],"6":[12],"7":[6],"8":[5],"9":[8],"10":[7],"11":[2]},"fnMap":{"0":{"name":"getObj","decl":{"start":{"line":8,"column":16},"end":{"line":22,"column":2}},"loc":{"start":{"line":8,"column":16},"end":{"line":22,"column":2}},"line":8},"1":{"name":"genDiff","decl":{"start":{"line":24,"column":16},"end":{"line":56,"column":2}},"loc":{"start":{"line":24,"column":16},"end":{"line":56,"column":2}},"line":24},"2":{"name":"addStr","decl":{"start":{"line":32,"column":17},"end":{"line":34,"column":4}},"loc":{"start":{"line":32,"column":17},"end":{"line":34,"column":4}},"line":32}},"f":{"0":6,"1":3,"2":14}}
}
