TN:
SF:src/index.js
FN:8,getObj
FN:24,genDiff
FN:32,addStr
FNF:3
FNH:3
FNDA:6,getObj
FNDA:3,genDiff
FNDA:14,addStr
DA:1,1
DA:2,1
DA:3,1
DA:4,1
DA:5,1
DA:6,1
DA:7,1
DA:8,1
DA:9,6
DA:10,6
DA:11,6
DA:12,6
DA:13,0
DA:14,0
DA:15,6
DA:16,6
DA:17,6
DA:18,0
DA:19,0
DA:20,6
DA:21,6
DA:22,6
DA:23,1
DA:24,1
DA:25,3
DA:26,3
DA:27,3
DA:28,3
DA:29,3
DA:30,3
DA:31,3
DA:32,3
DA:33,14
DA:34,14
DA:35,3
DA:36,3
DA:37,13
DA:38,13
DA:39,13
DA:40,13
DA:41,13
DA:42,13
DA:43,5
DA:44,5
DA:45,5
DA:46,13
DA:47,7
DA:48,7
DA:49,13
DA:50,2
DA:51,2
DA:52,13
DA:53,3
DA:54,3
DA:55,3
DA:56,3
DA:57,1
DA:58,1
LF:58
LH:54
BRDA:8,0,0,6
BRDA:12,1,0,0
BRDA:17,2,0,0
BRDA:24,3,0,3
BRDA:32,4,0,14
BRDA:36,5,0,13
BRDA:42,6,0,12
BRDA:42,7,0,6
BRDA:42,8,0,5
BRDA:46,9,0,8
BRDA:46,10,0,7
BRDA:49,11,0,2
BRF:12
BRH:10
end_of_record
