TN:
SF:src/index.js
FN:7,isObject
FN:8,getObj
FN:22,addStr
FN:26,stylish
FN:68,genDiff
FNF:5
FNH:5
FNDA:38,isObject
FNDA:2,getObj
FNDA:38,addStr
FNDA:16,stylish
FNDA:1,genDiff
DA:1,1
DA:2,1
DA:3,1
DA:4,1
DA:5,1
DA:6,1
DA:7,1
DA:8,1
DA:9,2
DA:10,2
DA:11,2
DA:12,2
DA:13,2
DA:14,2
DA:15,2
DA:16,2
DA:17,0
DA:18,0
DA:19,2
DA:20,1
DA:21,1
DA:22,1
DA:23,38
DA:24,38
DA:25,1
DA:26,1
DA:27,16
DA:28,16
DA:29,16
DA:30,16
DA:31,16
DA:32,36
DA:33,36
DA:34,36
DA:35,36
DA:36,36
DA:37,36
DA:38,32
DA:39,9
DA:40,9
DA:41,9
DA:42,32
DA:43,23
DA:44,23
DA:45,32
DA:46,32
DA:47,36
DA:48,3
DA:49,3
DA:50,3
DA:51,3
DA:52,3
DA:53,0
DA:54,0
DA:55,3
DA:56,36
DA:57,3
DA:58,3
DA:59,3
DA:60,3
DA:61,3
DA:62,0
DA:63,0
DA:64,3
DA:65,36
DA:66,16
DA:67,1
DA:68,1
DA:69,1
DA:70,1
DA:71,1
DA:72,1
DA:73,1
DA:74,1
DA:75,1
DA:76,1
DA:77,1
DA:78,1
DA:79,1
DA:80,1
LF:80
LH:74
BRDA:7,0,0,38
BRDA:7,1,0,15
BRDA:8,2,0,2
BRDA:15,3,0,0
BRDA:16,4,0,0
BRDA:22,5,0,38
BRDA:26,6,0,16
BRDA:31,7,0,36
BRDA:37,8,0,35
BRDA:37,9,0,34
BRDA:37,10,0,32
BRDA:38,11,0,9
BRDA:42,12,0,23
BRDA:47,13,0,3
BRDA:52,14,0,0
BRDA:56,15,0,4
BRDA:56,16,0,3
BRDA:61,17,0,0
BRDA:68,18,0,1
BRF:19
BRH:15
end_of_record
TN:
SF:src/parsers.js
FN:3,isJSON
FN:4,isYAML
FN:6,parse
FNF:3
FNH:2
FNDA:2,isJSON
FNDA:0,isYAML
FNDA:2,parse
DA:1,1
DA:2,1
DA:3,1
DA:4,1
DA:5,1
DA:6,1
DA:7,2
DA:8,2
DA:9,2
DA:10,0
DA:11,0
DA:12,0
DA:13,0
DA:14,0
DA:15,0
DA:16,0
DA:17,1
DA:18,1
LF:18
LH:11
BRDA:3,0,0,2
BRDA:6,1,0,2
BRDA:10,2,0,0
BRF:3
BRH:2
end_of_record
